<!DOCTYPE html>
<html>
  <head>
    <meta charset="utf-8"/>
    <title>Login_report.html</title>
    <link href="assets/style.css" rel="stylesheet" type="text/css"/></head>
  <body onLoad="init()">
    <script>/* This Source Code Form is subject to the terms of the Mozilla Public
 * License, v. 2.0. If a copy of the MPL was not distributed with this file,
 * You can obtain one at http://mozilla.org/MPL/2.0/. */


function toArray(iter) {
    if (iter === null) {
        return null;
    }
    return Array.prototype.slice.call(iter);
}

function find(selector, elem) { // eslint-disable-line no-redeclare
    if (!elem) {
        elem = document;
    }
    return elem.querySelector(selector);
}

function findAll(selector, elem) {
    if (!elem) {
        elem = document;
    }
    return toArray(elem.querySelectorAll(selector));
}

function sortColumn(elem) {
    toggleSortStates(elem);
    const colIndex = toArray(elem.parentNode.childNodes).indexOf(elem);
    let key;
    if (elem.classList.contains('result')) {
        key = keyResult;
    } else if (elem.classList.contains('links')) {
        key = keyLink;
    } else {
        key = keyAlpha;
    }
    sortTable(elem, key(colIndex));
}

function showAllExtras() { // eslint-disable-line no-unused-vars
    findAll('.col-result').forEach(showExtras);
}

function hideAllExtras() { // eslint-disable-line no-unused-vars
    findAll('.col-result').forEach(hideExtras);
}

function showExtras(colresultElem) {
    const extras = colresultElem.parentNode.nextElementSibling;
    const expandcollapse = colresultElem.firstElementChild;
    extras.classList.remove('collapsed');
    expandcollapse.classList.remove('expander');
    expandcollapse.classList.add('collapser');
}

function hideExtras(colresultElem) {
    const extras = colresultElem.parentNode.nextElementSibling;
    const expandcollapse = colresultElem.firstElementChild;
    extras.classList.add('collapsed');
    expandcollapse.classList.remove('collapser');
    expandcollapse.classList.add('expander');
}

function showFilters() {
    let visibleString = getQueryParameter('visible') || 'all';
    visibleString = visibleString.toLowerCase();
    const checkedItems = visibleString.split(',');

    const filterItems = document.getElementsByClassName('filter');
    for (let i = 0; i < filterItems.length; i++) {
        filterItems[i].hidden = false;

        if (visibleString != 'all') {
            filterItems[i].checked = checkedItems.includes(filterItems[i].getAttribute('data-test-result'));
            filterTable(filterItems[i]);
        }
    }
}

function addCollapse() {
    // Add links for show/hide all
    const resulttable = find('table#results-table');
    const showhideall = document.createElement('p');
    showhideall.innerHTML = '<a href="javascript:showAllExtras()">Show all details</a> / ' +
                            '<a href="javascript:hideAllExtras()">Hide all details</a>';
    resulttable.parentElement.insertBefore(showhideall, resulttable);

    // Add show/hide link to each result
    findAll('.col-result').forEach(function(elem) {
        const collapsed = getQueryParameter('collapsed') || 'Passed';
        const extras = elem.parentNode.nextElementSibling;
        const expandcollapse = document.createElement('span');
        if (extras.classList.contains('collapsed')) {
            expandcollapse.classList.add('expander');
        } else if (collapsed.includes(elem.innerHTML)) {
            extras.classList.add('collapsed');
            expandcollapse.classList.add('expander');
        } else {
            expandcollapse.classList.add('collapser');
        }
        elem.appendChild(expandcollapse);

        elem.addEventListener('click', function(event) {
            if (event.currentTarget.parentNode.nextElementSibling.classList.contains('collapsed')) {
                showExtras(event.currentTarget);
            } else {
                hideExtras(event.currentTarget);
            }
        });
    });
}

function getQueryParameter(name) {
    const match = RegExp('[?&]' + name + '=([^&]*)').exec(window.location.search);
    return match && decodeURIComponent(match[1].replace(/\+/g, ' '));
}

function init () { // eslint-disable-line no-unused-vars
    resetSortHeaders();

    addCollapse();

    showFilters();

    sortColumn(find('.initial-sort'));

    findAll('.sortable').forEach(function(elem) {
        elem.addEventListener('click',
            function() {
                sortColumn(elem);
            }, false);
    });
}

function sortTable(clicked, keyFunc) {
    const rows = findAll('.results-table-row');
    const reversed = !clicked.classList.contains('asc');
    const sortedRows = sort(rows, keyFunc, reversed);
    /* Whole table is removed here because browsers acts much slower
     * when appending existing elements.
     */
    const thead = document.getElementById('results-table-head');
    document.getElementById('results-table').remove();
    const parent = document.createElement('table');
    parent.id = 'results-table';
    parent.appendChild(thead);
    sortedRows.forEach(function(elem) {
        parent.appendChild(elem);
    });
    document.getElementsByTagName('BODY')[0].appendChild(parent);
}

function sort(items, keyFunc, reversed) {
    const sortArray = items.map(function(item, i) {
        return [keyFunc(item), i];
    });

    sortArray.sort(function(a, b) {
        const keyA = a[0];
        const keyB = b[0];

        if (keyA == keyB) return 0;

        if (reversed) {
            return keyA < keyB ? 1 : -1;
        } else {
            return keyA > keyB ? 1 : -1;
        }
    });

    return sortArray.map(function(item) {
        const index = item[1];
        return items[index];
    });
}

function keyAlpha(colIndex) {
    return function(elem) {
        return elem.childNodes[1].childNodes[colIndex].firstChild.data.toLowerCase();
    };
}

function keyLink(colIndex) {
    return function(elem) {
        const dataCell = elem.childNodes[1].childNodes[colIndex].firstChild;
        return dataCell == null ? '' : dataCell.innerText.toLowerCase();
    };
}

function keyResult(colIndex) {
    return function(elem) {
        const strings = ['Error', 'Failed', 'Rerun', 'XFailed', 'XPassed',
            'Skipped', 'Passed'];
        return strings.indexOf(elem.childNodes[1].childNodes[colIndex].firstChild.data);
    };
}

function resetSortHeaders() {
    findAll('.sort-icon').forEach(function(elem) {
        elem.parentNode.removeChild(elem);
    });
    findAll('.sortable').forEach(function(elem) {
        const icon = document.createElement('div');
        icon.className = 'sort-icon';
        icon.textContent = 'vvv';
        elem.insertBefore(icon, elem.firstChild);
        elem.classList.remove('desc', 'active');
        elem.classList.add('asc', 'inactive');
    });
}

function toggleSortStates(elem) {
    //if active, toggle between asc and desc
    if (elem.classList.contains('active')) {
        elem.classList.toggle('asc');
        elem.classList.toggle('desc');
    }

    //if inactive, reset all other functions and add ascending active
    if (elem.classList.contains('inactive')) {
        resetSortHeaders();
        elem.classList.remove('inactive');
        elem.classList.add('active');
    }
}

function isAllRowsHidden(value) {
    return value.hidden == false;
}

function filterTable(elem) { // eslint-disable-line no-unused-vars
    const outcomeAtt = 'data-test-result';
    const outcome = elem.getAttribute(outcomeAtt);
    const classOutcome = outcome + ' results-table-row';
    const outcomeRows = document.getElementsByClassName(classOutcome);

    for(let i = 0; i < outcomeRows.length; i++){
        outcomeRows[i].hidden = !elem.checked;
    }

    const rows = findAll('.results-table-row').filter(isAllRowsHidden);
    const allRowsHidden = rows.length == 0 ? true : false;
    const notFoundMessage = document.getElementById('not-found-message');
    notFoundMessage.hidden = !allRowsHidden;
}
</script>
    <h1>Login_report.html</h1>
    <p>Report generated on 27-Jan-2023 at 12:14:16 by <a href="https://pypi.python.org/pypi/pytest-html">pytest-html</a> v3.2.0</p>
    <h2>Environment</h2>
    <table id="environment">
      <tr>
        <td>Module Name</td>
        <td>Login-SignUp</td></tr>
      <tr>
        <td>Packages</td>
        <td>{"pluggy": "1.0.0", "pytest": "7.2.0"}</td></tr>
      <tr>
        <td>Platform</td>
        <td>Windows-10-10.0.22000-SP0</td></tr>
      <tr>
        <td>Python</td>
        <td>3.10.7</td></tr>
      <tr>
        <td>Tester</td>
        <td>Kirthiga</td></tr>
      <tr>
        <td>project Name</td>
        <td>Automation Testing-Inuvest Technologies</td></tr></table>
    <h2>Summary</h2>
    <p>14 tests ran in 195.46 seconds. </p>
    <p class="filter" hidden="true">(Un)check the boxes to filter the results.</p><input checked="true" class="filter" data-test-result="passed" hidden="true" name="filter_checkbox" onChange="filterTable(this)" type="checkbox"/><span class="passed">13 passed</span>, <input checked="true" class="filter" data-test-result="skipped" disabled="true" hidden="true" name="filter_checkbox" onChange="filterTable(this)" type="checkbox"/><span class="skipped">0 skipped</span>, <input checked="true" class="filter" data-test-result="failed" hidden="true" name="filter_checkbox" onChange="filterTable(this)" type="checkbox"/><span class="failed">1 failed</span>, <input checked="true" class="filter" data-test-result="error" disabled="true" hidden="true" name="filter_checkbox" onChange="filterTable(this)" type="checkbox"/><span class="error">0 errors</span>, <input checked="true" class="filter" data-test-result="xfailed" disabled="true" hidden="true" name="filter_checkbox" onChange="filterTable(this)" type="checkbox"/><span class="xfailed">0 expected failures</span>, <input checked="true" class="filter" data-test-result="xpassed" disabled="true" hidden="true" name="filter_checkbox" onChange="filterTable(this)" type="checkbox"/><span class="xpassed">0 unexpected passes</span>
    <h2>Results</h2>
    <table id="results-table">
      <thead id="results-table-head">
        <tr>
          <th class="sortable result initial-sort" col="result">Result</th>
          <th class="sortable" col="name">Test</th>
          <th class="sortable" col="duration">Duration</th>
          <th class="sortable links" col="links">Links</th></tr>
        <tr hidden="true" id="not-found-message">
          <th colspan="4">No results found. Try to check the filters</th></tr></thead>
      <tbody class="failed results-table-row">
        <tr>
          <td class="col-result">Failed</td>
          <td class="col-name">testcase/testLogin.py::Test_LOGIN_001::test_login_forgotPasswd</td>
          <td class="col-duration">10.96</td>
          <td class="col-links"></td></tr>
        <tr>
          <td class="extra" colspan="4">
            <div class="log">self = &lt;testcase.testLogin.Test_LOGIN_001 object at 0x000002C23CC33130&gt;, setup = &lt;selenium.webdriver.edge.webdriver.WebDriver (session=&quot;94251d95f2751b136789e72481483a3e&quot;)&gt;<br/><br/>    def test_login_forgotPasswd(self,setup):<br/>        try:<br/>            email=&quot;testprofile@inuvest.tech&quot;<br/>            self.logger.info(&quot;******************Test_001_Login******************************************&quot;)<br/>            self.logger.info(&quot;*****************Verifying Forgot password with Valid Emailid*********************&quot;)<br/>            self.driver=setup<br/>            self.driver.get(self.baseURL)<br/>            self.driver.maximize_window()<br/>            self.driver.implicitly_wait(30)<br/>            lp=Login(self.driver)<br/>            lp.click_login_page()<br/>            self.driver.maximize_window()<br/>            #time.sleep(5)<br/>            lp.set_email(email)<br/>            lp.click_forgot_pwd()<br/>    <br/>            if self.driver.current_url == &quot;https://inuvest.tech/auth&quot;:<br/>                #print(&quot;true&quot;)<br/>            #self.driver.switch_to.window(self.driver.current_window_handle)<br/>                element = WebDriverWait(self.driver, 30).until(<br/>                EC.presence_of_element_located((By.XPATH, &quot;//*[@id=&#x27;swal2-title&#x27;]&quot;))<br/>                )<br/>                error_msg=element.text<br/>                if error_msg==&quot;An email has been sent to your registered email to change the password&quot;:<br/>                    self.driver.save_screenshot(&quot;.\\Screenshot\\Login\\Pass_Test_Case\\&quot; +&quot;test_login_forgotpasswrd_validemail.png&quot;)<br/>                    lp.click_errorbtn()<br/>                    self.logger.info(&quot;*****************Forget Password with valid Email working as per expected*************************************&quot;)<br/>                    self.logger.info(&quot;*****************Proper message displayed and email sent as per requirement*************************************&quot;)<br/>                    self.driver.close()<br/>                    assert True<br/>                else:<br/>                    self.driver.save_screenshot(&quot;.\\Screenshot\\Login\\Fail_Test_Case\\&quot; +&quot;test_login_forgotpasswrd_validemail.png&quot;)<br/>                    lp.click_errorbtn()<br/>                    self.logger.error(&quot;*****************Forget Password with valid email not working as per expected*************************************&quot;)<br/>                    self.logger.error(&quot;*****************Message not displayed per requirement*************************************&quot;)<br/>                    self.driver.close()<br/>&gt;                   assert  False<br/><span class="error">E                   assert False</span><br/><br/>testcase\testLogin.py:298: AssertionError<br/><br/>During handling of the above exception, another exception occurred:<br/><br/>self = &lt;testcase.testLogin.Test_LOGIN_001 object at 0x000002C23CC33130&gt;, setup = &lt;selenium.webdriver.edge.webdriver.WebDriver (session=&quot;94251d95f2751b136789e72481483a3e&quot;)&gt;<br/><br/>    def test_login_forgotPasswd(self,setup):<br/>        try:<br/>            email=&quot;testprofile@inuvest.tech&quot;<br/>            self.logger.info(&quot;******************Test_001_Login******************************************&quot;)<br/>            self.logger.info(&quot;*****************Verifying Forgot password with Valid Emailid*********************&quot;)<br/>            self.driver=setup<br/>            self.driver.get(self.baseURL)<br/>            self.driver.maximize_window()<br/>            self.driver.implicitly_wait(30)<br/>            lp=Login(self.driver)<br/>            lp.click_login_page()<br/>            self.driver.maximize_window()<br/>            #time.sleep(5)<br/>            lp.set_email(email)<br/>            lp.click_forgot_pwd()<br/>    <br/>            if self.driver.current_url == &quot;https://inuvest.tech/auth&quot;:<br/>                #print(&quot;true&quot;)<br/>            #self.driver.switch_to.window(self.driver.current_window_handle)<br/>                element = WebDriverWait(self.driver, 30).until(<br/>                EC.presence_of_element_located((By.XPATH, &quot;//*[@id=&#x27;swal2-title&#x27;]&quot;))<br/>                )<br/>                error_msg=element.text<br/>                if error_msg==&quot;An email has been sent to your registered email to change the password&quot;:<br/>                    self.driver.save_screenshot(&quot;.\\Screenshot\\Login\\Pass_Test_Case\\&quot; +&quot;test_login_forgotpasswrd_validemail.png&quot;)<br/>                    lp.click_errorbtn()<br/>                    self.logger.info(&quot;*****************Forget Password with valid Email working as per expected*************************************&quot;)<br/>                    self.logger.info(&quot;*****************Proper message displayed and email sent as per requirement*************************************&quot;)<br/>                    self.driver.close()<br/>                    assert True<br/>                else:<br/>                    self.driver.save_screenshot(&quot;.\\Screenshot\\Login\\Fail_Test_Case\\&quot; +&quot;test_login_forgotpasswrd_validemail.png&quot;)<br/>                    lp.click_errorbtn()<br/>                    self.logger.error(&quot;*****************Forget Password with valid email not working as per expected*************************************&quot;)<br/>                    self.logger.error(&quot;*****************Message not displayed per requirement*************************************&quot;)<br/>                    self.driver.close()<br/>                    assert  False<br/>    <br/>            else:<br/>                self.logger.error(&quot;*****************Forget Password not working as per expected*************************************&quot;)<br/>                #self.logger.info(&quot;*****************Error in Log*************************************&quot;)<br/>                self.driver.save_screenshot(&quot;.\\Screenshot\\Login\\Fail_Test_Case\\&quot; +&quot;test_login_forgotpasswrd_validemail.png&quot;)<br/>                self.driver.close()<br/>                assert  False<br/>        except Exception as ex:<br/>&gt;           self.driver.close()<br/><br/>testcase\testLogin.py:307: <br/>_ _ _ _ _ _ _ _ _ _ _ _ _ _ _ _ _ _ _ _ _ _ _ _ _ _ _ _ _ _ _ _ _ _ _ _ _ _ _ _ <br/>..\..\..\AppData\Local\Programs\Python\Python310\lib\site-packages\selenium\webdriver\remote\webdriver.py:551: in close<br/>    self.execute(Command.CLOSE)<br/>..\..\..\AppData\Local\Programs\Python\Python310\lib\site-packages\selenium\webdriver\remote\webdriver.py:429: in execute<br/>    self.error_handler.check_response(response)<br/>_ _ _ _ _ _ _ _ _ _ _ _ _ _ _ _ _ _ _ _ _ _ _ _ _ _ _ _ _ _ _ _ _ _ _ _ _ _ _ _ <br/><br/>self = &lt;selenium.webdriver.remote.errorhandler.ErrorHandler object at 0x000002C23CC6A620&gt;<br/>response = {&#x27;status&#x27;: 404, &#x27;value&#x27;: &#x27;{&quot;value&quot;:{&quot;error&quot;:&quot;invalid session id&quot;,&quot;message&quot;:&quot;invalid session id&quot;,&quot;stacktrace&quot;:&quot;Backtrac...C0FC4E+920830]\\n\\tBaseThreadInitThunk [0x00007FFB8D2655A0+16]\\n\\tRtlUserThreadStart [0x00007FFB8E6E485B+43]\\n&quot;}}&#x27;}<br/><br/>    def check_response(self, response: Dict[str, Any]) -&gt; None:<br/>        &quot;&quot;&quot;<br/>        Checks that a JSON response from the WebDriver does not have an error.<br/>    <br/>        :Args:<br/>         - response - The JSON response from the WebDriver server as a dictionary<br/>           object.<br/>    <br/>        :Raises: If the response contains an error message.<br/>        &quot;&quot;&quot;<br/>        status = response.get(&#x27;status&#x27;, None)<br/>        if not status or status == ErrorCode.SUCCESS:<br/>            return<br/>        value = None<br/>        message = response.get(&quot;message&quot;, &quot;&quot;)<br/>        screen: str = response.get(&quot;screen&quot;, &quot;&quot;)<br/>        stacktrace = None<br/>        if isinstance(status, int):<br/>            value_json = response.get(&#x27;value&#x27;, None)<br/>            if value_json and isinstance(value_json, str):<br/>                import json<br/>                try:<br/>                    value = json.loads(value_json)<br/>                    if len(value.keys()) == 1:<br/>                        value = value[&#x27;value&#x27;]<br/>                    status = value.get(&#x27;error&#x27;, None)<br/>                    if not status:<br/>                        status = value.get(&quot;status&quot;, ErrorCode.UNKNOWN_ERROR)<br/>                        message = value.get(&quot;value&quot;) or value.get(&quot;message&quot;)<br/>                        if not isinstance(message, str):<br/>                            value = message<br/>                            message = message.get(&#x27;message&#x27;)<br/>                    else:<br/>                        message = value.get(&#x27;message&#x27;, None)<br/>                except ValueError:<br/>                    pass<br/>    <br/>        exception_class: Type[WebDriverException]<br/>        if status in ErrorCode.NO_SUCH_ELEMENT:<br/>            exception_class = NoSuchElementException<br/>        elif status in ErrorCode.NO_SUCH_FRAME:<br/>            exception_class = NoSuchFrameException<br/>        elif status in ErrorCode.NO_SUCH_SHADOW_ROOT:<br/>            exception_class = NoSuchShadowRootException<br/>        elif status in ErrorCode.NO_SUCH_WINDOW:<br/>            exception_class = NoSuchWindowException<br/>        elif status in ErrorCode.STALE_ELEMENT_REFERENCE:<br/>            exception_class = StaleElementReferenceException<br/>        elif status in ErrorCode.ELEMENT_NOT_VISIBLE:<br/>            exception_class = ElementNotVisibleException<br/>        elif status in ErrorCode.INVALID_ELEMENT_STATE:<br/>            exception_class = InvalidElementStateException<br/>        elif status in ErrorCode.INVALID_SELECTOR \<br/>                or status in ErrorCode.INVALID_XPATH_SELECTOR \<br/>                or status in ErrorCode.INVALID_XPATH_SELECTOR_RETURN_TYPER:<br/>            exception_class = InvalidSelectorException<br/>        elif status in ErrorCode.ELEMENT_IS_NOT_SELECTABLE:<br/>            exception_class = ElementNotSelectableException<br/>        elif status in ErrorCode.ELEMENT_NOT_INTERACTABLE:<br/>            exception_class = ElementNotInteractableException<br/>        elif status in ErrorCode.INVALID_COOKIE_DOMAIN:<br/>            exception_class = InvalidCookieDomainException<br/>        elif status in ErrorCode.UNABLE_TO_SET_COOKIE:<br/>            exception_class = UnableToSetCookieException<br/>        elif status in ErrorCode.TIMEOUT:<br/>            exception_class = TimeoutException<br/>        elif status in ErrorCode.SCRIPT_TIMEOUT:<br/>            exception_class = TimeoutException<br/>        elif status in ErrorCode.UNKNOWN_ERROR:<br/>            exception_class = WebDriverException<br/>        elif status in ErrorCode.UNEXPECTED_ALERT_OPEN:<br/>            exception_class = UnexpectedAlertPresentException<br/>        elif status in ErrorCode.NO_ALERT_OPEN:<br/>            exception_class = NoAlertPresentException<br/>        elif status in ErrorCode.IME_NOT_AVAILABLE:<br/>            exception_class = ImeNotAvailableException<br/>        elif status in ErrorCode.IME_ENGINE_ACTIVATION_FAILED:<br/>            exception_class = ImeActivationFailedException<br/>        elif status in ErrorCode.MOVE_TARGET_OUT_OF_BOUNDS:<br/>            exception_class = MoveTargetOutOfBoundsException<br/>        elif status in ErrorCode.JAVASCRIPT_ERROR:<br/>            exception_class = JavascriptException<br/>        elif status in ErrorCode.SESSION_NOT_CREATED:<br/>            exception_class = SessionNotCreatedException<br/>        elif status in ErrorCode.INVALID_ARGUMENT:<br/>            exception_class = InvalidArgumentException<br/>        elif status in ErrorCode.NO_SUCH_COOKIE:<br/>            exception_class = NoSuchCookieException<br/>        elif status in ErrorCode.UNABLE_TO_CAPTURE_SCREEN:<br/>            exception_class = ScreenshotException<br/>        elif status in ErrorCode.ELEMENT_CLICK_INTERCEPTED:<br/>            exception_class = ElementClickInterceptedException<br/>        elif status in ErrorCode.INSECURE_CERTIFICATE:<br/>            exception_class = InsecureCertificateException<br/>        elif status in ErrorCode.INVALID_COORDINATES:<br/>            exception_class = InvalidCoordinatesException<br/>        elif status in ErrorCode.INVALID_SESSION_ID:<br/>            exception_class = InvalidSessionIdException<br/>        elif status in ErrorCode.UNKNOWN_METHOD:<br/>            exception_class = UnknownMethodException<br/>        else:<br/>            exception_class = WebDriverException<br/>        if not value:<br/>            value = response[&#x27;value&#x27;]<br/>        if isinstance(value, str):<br/>            raise exception_class(value)<br/>        if message == &quot;&quot; and &#x27;message&#x27; in value:<br/>            message = value[&#x27;message&#x27;]<br/>    <br/>        screen = None  # type: ignore[assignment]<br/>        if &#x27;screen&#x27; in value:<br/>            screen = value[&#x27;screen&#x27;]<br/>    <br/>        stacktrace = None<br/>        st_value = value.get(&#x27;stackTrace&#x27;) or value.get(&#x27;stacktrace&#x27;)<br/>        if st_value:<br/>            if isinstance(st_value, str):<br/>                stacktrace = st_value.split(&#x27;\n&#x27;)<br/>            else:<br/>                stacktrace = []<br/>                try:<br/>                    for frame in st_value:<br/>                        line = frame.get(&quot;lineNumber&quot;, &quot;&quot;)<br/>                        file = frame.get(&quot;fileName&quot;, &quot;&lt;anonymous&gt;&quot;)<br/>                        if line:<br/>                            file = f&quot;{file}:{line}&quot;<br/>                        meth = frame.get(&#x27;methodName&#x27;, &#x27;&lt;anonymous&gt;&#x27;)<br/>                        if &#x27;className&#x27; in frame:<br/>                            meth = &quot;{}.{}&quot;.format(frame[&#x27;className&#x27;], meth)<br/>                        msg = &quot;    at %s (%s)&quot;<br/>                        msg = msg % (meth, file)<br/>                        stacktrace.append(msg)<br/>                except TypeError:<br/>                    pass<br/>        if exception_class == UnexpectedAlertPresentException:<br/>            alert_text = None<br/>            if &#x27;data&#x27; in value:<br/>                alert_text = value[&#x27;data&#x27;].get(&#x27;text&#x27;)<br/>            elif &#x27;alert&#x27; in value:<br/>                alert_text = value[&#x27;alert&#x27;].get(&#x27;text&#x27;)<br/>            raise exception_class(message, screen, stacktrace, alert_text)  # type: ignore[call-arg]  # mypy is not smart enough here<br/>&gt;       raise exception_class(message, screen, stacktrace)<br/><span class="error">E       selenium.common.exceptions.InvalidSessionIdException: Message: invalid session id</span><br/><span class="error">E       Stacktrace:</span><br/><span class="error">E       Backtrace:</span><br/><span class="error">E       	Microsoft::Applications::Events::EventProperties::SetProperty [0x00007FF70EC60992+15186]</span><br/><span class="error">E       	Microsoft::Applications::Events::EventProperty::EventProperty [0x00007FF70EBF94E2+828818]</span><br/><span class="error">E       	(No symbol) [0x00007FF70E8BEBF3]</span><br/><span class="error">E       	(No symbol) [0x00007FF70E8F26B8]</span><br/><span class="error">E       	(No symbol) [0x00007FF70E8F4344]</span><br/><span class="error">E       	Microsoft::Applications::Events::EventProperties::SetProperty [0x00007FF70EADB190+182768]</span><br/><span class="error">E       	(No symbol) [0x00007FF70E9AEF45]</span><br/><span class="error">E       	Microsoft::Applications::Events::EventProperty::EventProperty [0x00007FF70EB394CA+42362]</span><br/><span class="error">E       	Microsoft::Applications::Events::EventProperty::EventProperty [0x00007FF70EB3C205+53941]</span><br/><span class="error">E       	Microsoft::Applications::Events::ILogManager::DispatchEventBroadcast [0x00007FF70EE57D83+1456595]</span><br/><span class="error">E       	Microsoft::Applications::Events::EventProperty::EventProperty [0x00007FF70EC01A3A+862954]</span><br/><span class="error">E       	Microsoft::Applications::Events::EventProperty::EventProperty [0x00007FF70EC06B24+883668]</span><br/><span class="error">E       	Microsoft::Applications::Events::EventProperty::EventProperty [0x00007FF70EC06C7C+884012]</span><br/><span class="error">E       	Microsoft::Applications::Events::EventProperty::EventProperty [0x00007FF70EC0FC4E+920830]</span><br/><span class="error">E       	BaseThreadInitThunk [0x00007FFB8D2655A0+16]</span><br/><span class="error">E       	RtlUserThreadStart [0x00007FFB8E6E485B+43]</span><br/><br/>..\..\..\AppData\Local\Programs\Python\Python310\lib\site-packages\selenium\webdriver\remote\errorhandler.py:243: InvalidSessionIdException<br/> -------------------------------Captured log call-------------------------------- <br/>INFO     root:testLogin.py:265 ******************Test_001_Login******************************************
INFO     root:testLogin.py:266 *****************Verifying Forgot password with Valid Emailid*********************
ERROR    root:testLogin.py:295 *****************Forget Password with valid email not working as per expected*************************************
ERROR    root:testLogin.py:296 *****************Message not displayed per requirement*************************************<br/></div></td></tr></tbody>
      <tbody class="passed results-table-row">
        <tr>
          <td class="col-result">Passed</td>
          <td class="col-name">testcase/testLogin.py::Test_LOGIN_001::test_login_ValidInput</td>
          <td class="col-duration">15.16</td>
          <td class="col-links"></td></tr>
        <tr>
          <td class="extra" colspan="4">
            <div class="log"> -------------------------------Captured log call-------------------------------- <br/>INFO     root:testLogin.py:26 ******************Test_001_Login******************************************
INFO     root:testLogin.py:27 *****************Verifying Login Page with valid details*************************************
INFO     root:testLogin.py:46 *****************LoginTest with valid Details is Passed*************************************<br/></div></td></tr></tbody>
      <tbody class="passed results-table-row">
        <tr>
          <td class="col-result">Passed</td>
          <td class="col-name">testcase/testLogin.py::Test_LOGIN_001::test_login_ValidEmail_InvalidPasswd</td>
          <td class="col-duration">14.99</td>
          <td class="col-links"></td></tr>
        <tr>
          <td class="extra" colspan="4">
            <div class="log"> -------------------------------Captured log call-------------------------------- <br/>INFO     root:testLogin.py:65 ******************Test_001_Login******************************************
INFO     root:testLogin.py:66 *****************Verifying Login Page with invalid Password************************************
INFO     root:testLogin.py:87 *****************LoginTest with Invalid Password Details is Passed*************************************
INFO     root:testLogin.py:88 *****************Login Failed and Proper message displayed*************************************<br/></div></td></tr></tbody>
      <tbody class="passed results-table-row">
        <tr>
          <td class="col-result">Passed</td>
          <td class="col-name">testcase/testLogin.py::Test_LOGIN_001::test_login_InValidEmail_validPasswd</td>
          <td class="col-duration">12.00</td>
          <td class="col-links"></td></tr>
        <tr>
          <td class="extra" colspan="4">
            <div class="log"> -------------------------------Captured log call-------------------------------- <br/>INFO     root:testLogin.py:113 ******************Test_001_Login******************************************
INFO     root:testLogin.py:114 *****************Verifying Login Page with Invalid Email*************************************
INFO     root:testLogin.py:137 *****************LoginTest with Invalid Email Details is Passed*************************************
INFO     root:testLogin.py:138 *****************Login Failed and Proper message displayed*************************************<br/></div></td></tr></tbody>
      <tbody class="passed results-table-row">
        <tr>
          <td class="col-result">Passed</td>
          <td class="col-name">testcase/testLogin.py::Test_LOGIN_001::test_login_InValidEmail_InvalidPasswd</td>
          <td class="col-duration">13.78</td>
          <td class="col-links"></td></tr>
        <tr>
          <td class="extra" colspan="4">
            <div class="log"> -------------------------------Captured log call-------------------------------- <br/>INFO     root:testLogin.py:165 ******************Test_001_Login******************************************
INFO     root:testLogin.py:166 *****************Verifying Login Page with Invalid Details*************************************
INFO     root:testLogin.py:189 *****************LoginTest with Invalid login Details is Passed*************************************
INFO     root:testLogin.py:190 *****************Login Failed and Proper message displayed*************************************<br/></div></td></tr></tbody>
      <tbody class="passed results-table-row">
        <tr>
          <td class="col-result">Passed</td>
          <td class="col-name">testcase/testLogin.py::Test_LOGIN_001::test_login_without_confirmmail</td>
          <td class="col-duration">12.03</td>
          <td class="col-links"></td></tr>
        <tr>
          <td class="extra" colspan="4">
            <div class="log"> -------------------------------Captured log call-------------------------------- <br/>INFO     root:testLogin.py:217 ******************Test_001_Login******************************************
INFO     root:testLogin.py:218 *****************Verifying Login Page without confirm email*************************************
INFO     root:testLogin.py:239 *****************Login Page without confirm email is Passed*************************************
INFO     root:testLogin.py:240 *****************Login failed and Proper message displayed as per requirement*************************************<br/></div></td></tr></tbody>
      <tbody class="passed results-table-row">
        <tr>
          <td class="col-result">Passed</td>
          <td class="col-name">testcase/testLogin.py::Test_LOGIN_001::test_login_forgotPasswd_Invalidemail</td>
          <td class="col-duration">14.07</td>
          <td class="col-links"></td></tr>
        <tr>
          <td class="extra" colspan="4">
            <div class="log"> -------------------------------Captured log call-------------------------------- <br/>INFO     root:testLogin.py:315 ******************Test_001_Login******************************************
INFO     root:testLogin.py:316 *****************Verifying Forgot Password with Invalid Email*******************
INFO     root:testLogin.py:337 *****************Forget Password with Invalid Email working as per expected*************************************
INFO     root:testLogin.py:338 *****************Proper message displayed as per requirement*************************************<br/></div></td></tr></tbody>
      <tbody class="passed results-table-row">
        <tr>
          <td class="col-result">Passed</td>
          <td class="col-name">testcase/testLogin.py::Test_LOGIN_001::test_login_forgotpwd_NoEmail</td>
          <td class="col-duration">10.57</td>
          <td class="col-links"></td></tr>
        <tr>
          <td class="extra" colspan="4">
            <div class="log"> -------------------------------Captured log call-------------------------------- <br/>INFO     root:testLogin.py:362 ******************Test_001_Login******************************************
INFO     root:testLogin.py:363 *****************Verifying Forgot Password without Entering Email**********
INFO     root:testLogin.py:385 *****************Forget Password with No Email working as per expected*************************************
INFO     root:testLogin.py:386 *****************Proper message displayed  as per requirement*************************************<br/></div></td></tr></tbody>
      <tbody class="passed results-table-row">
        <tr>
          <td class="col-result">Passed</td>
          <td class="col-name">testcase/testLogin.py::Test_LOGIN_001::test_login_NoEmail</td>
          <td class="col-duration">16.49</td>
          <td class="col-links"></td></tr>
        <tr>
          <td class="extra" colspan="4">
            <div class="log"> -------------------------------Captured log call-------------------------------- <br/>INFO     root:testLogin.py:413 ******************Test_001_Login******************************************
INFO     root:testLogin.py:414 *****************Verifying Login without Email*****************************
INFO     root:testLogin.py:430 ****************Email mandatory test is Passed*************************************
INFO     root:testLogin.py:431 ****************Email Textbox was higlighted in red and cross icon is displayed*************<br/></div></td></tr></tbody>
      <tbody class="passed results-table-row">
        <tr>
          <td class="col-result">Passed</td>
          <td class="col-name">testcase/testLogin.py::Test_LOGIN_001::test_login_invalidEmail_format</td>
          <td class="col-duration">11.81</td>
          <td class="col-links"></td></tr>
        <tr>
          <td class="extra" colspan="4">
            <div class="log"> -------------------------------Captured log call-------------------------------- <br/>INFO     root:testLogin.py:457 ******************Test_001_Login******************************************
INFO     root:testLogin.py:458 *****************Verifying Login with Invalid Email Format****************
INFO     root:testLogin.py:475 ****************Invalid Email format test is Passed*************************************
INFO     root:testLogin.py:476 ****************Email Textbox was higlighted in red and cross icon is displayed*************<br/></div></td></tr></tbody>
      <tbody class="passed results-table-row">
        <tr>
          <td class="col-result">Passed</td>
          <td class="col-name">testcase/testLogin.py::Test_LOGIN_001::test_login_NoPassword</td>
          <td class="col-duration">22.10</td>
          <td class="col-links"></td></tr>
        <tr>
          <td class="extra" colspan="4">
            <div class="log"> -------------------------------Captured log call-------------------------------- <br/>INFO     root:testLogin.py:500 ******************Test_001_Login******************************************
INFO     root:testLogin.py:501 *****************Verifying Login without Password*************************************
INFO     root:testLogin.py:516 ****************Password mandatory test is Passed*************************************
INFO     root:testLogin.py:517 ****************Password Textbox was higlighted in red and cross icon is  displayed*************************************<br/></div></td></tr></tbody>
      <tbody class="passed results-table-row">
        <tr>
          <td class="col-result">Passed</td>
          <td class="col-name">testcase/testLogin.py::Test_LOGIN_001::test_login_signup_link</td>
          <td class="col-duration">14.47</td>
          <td class="col-links"></td></tr>
        <tr>
          <td class="extra" colspan="4">
            <div class="log"> -------------------------------Captured log call-------------------------------- <br/>INFO     root:testLogin.py:540 ******************Test_001_LOGIN******************************************
INFO     root:testLogin.py:541 *****************Verifying signup link*************************************
INFO     root:testLogin.py:556 ***************** Signup link work as per expectd*************************************<br/></div></td></tr></tbody>
      <tbody class="passed results-table-row">
        <tr>
          <td class="col-result">Passed</td>
          <td class="col-name">testcase/testLogin.py::Test_LOGIN_001::test_login_SignIn_Gmailaccount</td>
          <td class="col-duration">16.89</td>
          <td class="col-links"></td></tr>
        <tr>
          <td class="extra" colspan="4">
            <div class="log"> -------------------------------Captured log call-------------------------------- <br/>INFO     root:testLogin.py:573 ******************Test_001_Login******************************************
INFO     root:testLogin.py:574 *****************Verifying Signin Gmail account In Login Page*************************************
INFO     root:testLogin.py:593 ****************Signin Gmail account Page opened successfully*************************************<br/></div></td></tr></tbody>
      <tbody class="passed results-table-row">
        <tr>
          <td class="col-result">Passed</td>
          <td class="col-name">testcase/testLogin.py::Test_LOGIN_001::test_login_Chk_lbl_Donthaveaaccount</td>
          <td class="col-duration">9.87</td>
          <td class="col-links"></td></tr>
        <tr>
          <td class="extra" colspan="4">
            <div class="log"> -------------------------------Captured log call-------------------------------- <br/>INFO     root:testLogin.py:615 ******************Test_001_Login******************************************
INFO     root:testLogin.py:616 *****************Verifying Dont have a account? label in Login Page*************************************
INFO     root:testLogin.py:626 ****************Dont have a account? label in Login Page test is Passed*************************************<br/></div></td></tr></tbody></table></body></html>